d:\팀포폴\메탈슬러그시작\debug\vc141.pdb
d:\팀포폴\메탈슬러그시작\debug\vc141.idb
d:\팀포폴\메탈슬러그시작\debug\winmain.obj
d:\팀포폴\메탈슬러그시작\debug\stageone.obj
d:\팀포폴\메탈슬러그시작\debug\scenemanager.obj
d:\팀포폴\메탈슬러그시작\debug\scenemaker.obj
d:\팀포폴\메탈슬러그시작\debug\maingame.obj
d:\팀포폴\메탈슬러그시작\debug\camera.obj
d:\팀포폴\메탈슬러그시작\debug\bullet.obj
d:\팀포폴\메탈슬러그시작\debug\player.obj
d:\팀포폴\메탈슬러그시작\debug\windowapi.pch
d:\팀포폴\메탈슬러그시작\debug\stdafx.obj
d:\팀포폴\메탈슬러그시작\debug\util.obj
d:\팀포폴\메탈슬러그시작\debug\timemanager.obj
d:\팀포폴\메탈슬러그시작\debug\soundmanager.obj
d:\팀포폴\메탈슬러그시작\debug\randomfunction.obj
d:\팀포폴\메탈슬러그시작\debug\imagemanager.obj
d:\팀포폴\메탈슬러그시작\debug\image.obj
d:\팀포폴\메탈슬러그시작\debug\gamenode.obj
d:\팀포폴\메탈슬러그시작\debug\objectmanager.obj
d:\팀포폴\메탈슬러그시작\debug\keymanager.obj
d:\팀포폴\메탈슬러그시작\debug\gizmo.obj
d:\팀포폴\메탈슬러그시작\debug\gameobject.obj
c:\users\user\desktop\앙기무찌\메탈슬러그시작\debug\windowapi.pch
c:\users\user\desktop\앙기무찌\메탈슬러그시작\debug\vc141.pdb
c:\users\user\desktop\앙기무찌\메탈슬러그시작\debug\vc141.idb
c:\users\user\desktop\앙기무찌\메탈슬러그시작\debug\stdafx.obj
c:\users\user\desktop\앙기무찌\메탈슬러그시작\debug\winmain.obj
c:\users\user\desktop\앙기무찌\메탈슬러그시작\debug\util.obj
c:\users\user\desktop\앙기무찌\메탈슬러그시작\debug\timemanager.obj
c:\users\user\desktop\앙기무찌\메탈슬러그시작\debug\stageone.obj
c:\users\user\desktop\앙기무찌\메탈슬러그시작\debug\soundmanager.obj
c:\users\user\desktop\앙기무찌\메탈슬러그시작\debug\scenemanager.obj
c:\users\user\desktop\앙기무찌\메탈슬러그시작\debug\scenemaker.obj
c:\users\user\desktop\앙기무찌\메탈슬러그시작\debug\randomfunction.obj
c:\users\user\desktop\앙기무찌\메탈슬러그시작\debug\player.obj
c:\users\user\desktop\앙기무찌\메탈슬러그시작\debug\objectmanager.obj
c:\users\user\desktop\앙기무찌\메탈슬러그시작\debug\maingame.obj
c:\users\user\desktop\앙기무찌\메탈슬러그시작\debug\keymanager.obj
c:\users\user\desktop\앙기무찌\메탈슬러그시작\debug\imagemanager.obj
c:\users\user\desktop\앙기무찌\메탈슬러그시작\debug\image.obj
c:\users\user\desktop\앙기무찌\메탈슬러그시작\debug\gizmo.obj
c:\users\user\desktop\앙기무찌\메탈슬러그시작\debug\gameobject.obj
c:\users\user\desktop\앙기무찌\메탈슬러그시작\debug\gamenode.obj
c:\users\user\desktop\앙기무찌\메탈슬러그시작\debug\camera.obj
c:\users\user\desktop\앙기무찌\메탈슬러그시작\debug\bullet.obj
d:\팀포폴\메탈슬러그시작\debug\windowapi.exe
d:\팀포폴\메탈슬러그시작\debug\windowapi.ilk
d:\팀포폴\메탈슬러그시작\debug\windowapi.pdb
c:\users\user\desktop\앙기무찌\메탈슬러그시작\debug\flybug.obj.enc
c:\users\user\desktop\앙기무찌\메탈슬러그시작\debug\windowapi.pdb
c:\users\user\desktop\앙기무찌\메탈슬러그시작\debug\windowapi.tlog\cl.command.1.tlog
c:\users\user\desktop\앙기무찌\메탈슬러그시작\debug\windowapi.tlog\cl.read.1.tlog
c:\users\user\desktop\앙기무찌\메탈슬러그시작\debug\windowapi.tlog\cl.write.1.tlog
c:\users\user\desktop\앙기무찌\메탈슬러그시작\debug\windowapi.tlog\link.command.1.tlog
c:\users\user\desktop\앙기무찌\메탈슬러그시작\debug\windowapi.tlog\link.read.1.tlog
c:\users\user\desktop\앙기무찌\메탈슬러그시작\debug\windowapi.tlog\link.write.1.tlog
